<?xml version="1.0" encoding="UTF-8"?>
<!-- Generated by org.testng.reporters.JUnitReportReporter -->
<testsuite hostname="nbex5exc9" failures="0" tests="9" name="Tests.Tests" time="15.747" errors="0" timestamp="27 jul. 2022 19:55:08 GMT" skipped="8">
  <testcase classname="Tests.Tests" name="CP0001_Login_Fallido" time="15.747"/>
  <testcase classname="Tests.Tests" name="CP002_Contactos">
    <skipped/>
  </testcase> <!-- CP002_Contactos -->
  <testcase classname="Tests.Tests" name="CP007_Clave">
    <skipped/>
  </testcase> <!-- CP007_Clave -->
  <testcase classname="Tests.Tests" name="CP004_Socios">
    <skipped/>
  </testcase> <!-- CP004_Socios -->
  <testcase classname="Tests.Tests" name="CP009_Mas">
    <skipped/>
  </testcase> <!-- CP009_Mas -->
  <testcase classname="Tests.Tests" name="CP008_Seguridad">
    <skipped/>
  </testcase> <!-- CP008_Seguridad -->
  <testcase classname="Tests.Tests" name="CP006_Beneficios">
    <skipped/>
  </testcase> <!-- CP006_Beneficios -->
  <testcase classname="Tests.Tests" name="CP005_Pagos">
    <skipped/>
  </testcase> <!-- CP005_Pagos -->
  <testcase classname="Tests.Tests" name="CP003_Legales">
    <skipped/>
  </testcase> <!-- CP003_Legales -->
</testsuite> <!-- Tests.Tests -->
